EDA Netlist Writer report for sgnExt16_32
Tue Mar 05 13:32:03 2024
Quartus II 64-Bit Version 13.0.0 Build 156 04/24/2013 SJ Web Edition


---------------------
; Table of Contents ;
---------------------
  1. Legal Notice
  2. EDA Netlist Writer Summary
  3. Simulation Settings
  4. Simulation Generated Files
  5. EDA Netlist Writer Messages



----------------
; Legal Notice ;
----------------
Copyright (C) 1991-2013 Altera Corporation
Your use of Altera Corporation's design tools, logic functions 
and other software and tools, and its AMPP partner logic 
functions, and any output files from any of the foregoing 
(including device programming or simulation files), and any 
associated documentation or information are expressly subject 
to the terms and conditions of the Altera Program License 
Subscription Agreement, Altera MegaCore Function License 
Agreement, or other applicable license agreement, including, 
without limitation, that your use is for the sole purpose of 
programming logic devices manufactured by Altera and sold by 
Altera or its authorized distributors.  Please refer to the 
applicable agreement for further details.



+-------------------------------------------------------------------+
; EDA Netlist Writer Summary                                        ;
+---------------------------+---------------------------------------+
; EDA Netlist Writer Status ; Successful - Tue Mar 05 13:32:03 2024 ;
; Revision Name             ; sgnExt16_32                           ;
; Top-level Entity Name     ; sgnExt16_32                           ;
; Family                    ; Cyclone IV GX                         ;
; Simulation Files Creation ; Successful                            ;
+---------------------------+---------------------------------------+


+----------------------------------------------------------------------------------------------------------------------------+
; Simulation Settings                                                                                                        ;
+---------------------------------------------------------------------------------------------------+------------------------+
; Option                                                                                            ; Setting                ;
+---------------------------------------------------------------------------------------------------+------------------------+
; Tool Name                                                                                         ; ModelSim-Altera (VHDL) ;
; Generate netlist for functional simulation only                                                   ; Off                    ;
; Time scale                                                                                        ; 1 ps                   ;
; Truncate long hierarchy paths                                                                     ; Off                    ;
; Map illegal HDL characters                                                                        ; Off                    ;
; Flatten buses into individual nodes                                                               ; Off                    ;
; Maintain hierarchy                                                                                ; Off                    ;
; Bring out device-wide set/reset signals as ports                                                  ; Off                    ;
; Enable glitch filtering                                                                           ; Off                    ;
; Do not write top level VHDL entity                                                                ; Off                    ;
; Disable detection of setup and hold time violations in the input registers of bi-directional pins ; Off                    ;
; Architecture name in VHDL output netlist                                                          ; structure              ;
; Generate third-party EDA tool command script for RTL functional simulation                        ; Off                    ;
; Generate third-party EDA tool command script for gate-level simulation                            ; Off                    ;
+---------------------------------------------------------------------------------------------------+------------------------+


+-------------------------------------------------------------------------------------------------------------------------------+
; Simulation Generated Files                                                                                                    ;
+-------------------------------------------------------------------------------------------------------------------------------+
; Generated Files                                                                                                               ;
+-------------------------------------------------------------------------------------------------------------------------------+
; H:/School/Year 5/Computer Systems Design/My Labs/Lab 2/sgnExt16_32/simulation/modelsim/sgnExt16_32_6_1200mv_85c_slow.vho      ;
; H:/School/Year 5/Computer Systems Design/My Labs/Lab 2/sgnExt16_32/simulation/modelsim/sgnExt16_32_6_1200mv_0c_slow.vho       ;
; H:/School/Year 5/Computer Systems Design/My Labs/Lab 2/sgnExt16_32/simulation/modelsim/sgnExt16_32_min_1200mv_0c_fast.vho     ;
; H:/School/Year 5/Computer Systems Design/My Labs/Lab 2/sgnExt16_32/simulation/modelsim/sgnExt16_32.vho                        ;
; H:/School/Year 5/Computer Systems Design/My Labs/Lab 2/sgnExt16_32/simulation/modelsim/sgnExt16_32_6_1200mv_85c_vhd_slow.sdo  ;
; H:/School/Year 5/Computer Systems Design/My Labs/Lab 2/sgnExt16_32/simulation/modelsim/sgnExt16_32_6_1200mv_0c_vhd_slow.sdo   ;
; H:/School/Year 5/Computer Systems Design/My Labs/Lab 2/sgnExt16_32/simulation/modelsim/sgnExt16_32_min_1200mv_0c_vhd_fast.sdo ;
; H:/School/Year 5/Computer Systems Design/My Labs/Lab 2/sgnExt16_32/simulation/modelsim/sgnExt16_32_vhd.sdo                    ;
+-------------------------------------------------------------------------------------------------------------------------------+


+-----------------------------+
; EDA Netlist Writer Messages ;
+-----------------------------+
Info: *******************************************************************
Info: Running Quartus II 64-Bit EDA Netlist Writer
    Info: Version 13.0.0 Build 156 04/24/2013 SJ Web Edition
    Info: Processing started: Tue Mar 05 13:32:02 2024
Info: Command: quartus_eda --read_settings_files=off --write_settings_files=off sgnExt16_32 -c sgnExt16_32
Info (204019): Generated file sgnExt16_32_6_1200mv_85c_slow.vho in folder "H:/School/Year 5/Computer Systems Design/My Labs/Lab 2/sgnExt16_32/simulation/modelsim/" for EDA simulation tool
Info (204019): Generated file sgnExt16_32_6_1200mv_0c_slow.vho in folder "H:/School/Year 5/Computer Systems Design/My Labs/Lab 2/sgnExt16_32/simulation/modelsim/" for EDA simulation tool
Info (204019): Generated file sgnExt16_32_min_1200mv_0c_fast.vho in folder "H:/School/Year 5/Computer Systems Design/My Labs/Lab 2/sgnExt16_32/simulation/modelsim/" for EDA simulation tool
Info (204019): Generated file sgnExt16_32.vho in folder "H:/School/Year 5/Computer Systems Design/My Labs/Lab 2/sgnExt16_32/simulation/modelsim/" for EDA simulation tool
Info (204019): Generated file sgnExt16_32_6_1200mv_85c_vhd_slow.sdo in folder "H:/School/Year 5/Computer Systems Design/My Labs/Lab 2/sgnExt16_32/simulation/modelsim/" for EDA simulation tool
Info (204019): Generated file sgnExt16_32_6_1200mv_0c_vhd_slow.sdo in folder "H:/School/Year 5/Computer Systems Design/My Labs/Lab 2/sgnExt16_32/simulation/modelsim/" for EDA simulation tool
Info (204019): Generated file sgnExt16_32_min_1200mv_0c_vhd_fast.sdo in folder "H:/School/Year 5/Computer Systems Design/My Labs/Lab 2/sgnExt16_32/simulation/modelsim/" for EDA simulation tool
Info (204019): Generated file sgnExt16_32_vhd.sdo in folder "H:/School/Year 5/Computer Systems Design/My Labs/Lab 2/sgnExt16_32/simulation/modelsim/" for EDA simulation tool
Info: Quartus II 64-Bit EDA Netlist Writer was successful. 0 errors, 0 warnings
    Info: Peak virtual memory: 4571 megabytes
    Info: Processing ended: Tue Mar 05 13:32:03 2024
    Info: Elapsed time: 00:00:01
    Info: Total CPU time (on all processors): 00:00:01


