Flow report for CEG_3156_Lab3
Fri Apr 05 13:37:46 2024
Quartus II 64-Bit Version 13.0.0 Build 156 04/24/2013 SJ Web Edition


---------------------
; Table of Contents ;
---------------------
  1. Legal Notice
  2. Flow Summary
  3. Flow Settings
  4. Flow Non-Default Global Settings
  5. Flow Elapsed Time
  6. Flow OS Summary
  7. Flow Log
  8. Flow Messages
  9. Flow Suppressed Messages



----------------
; Legal Notice ;
----------------
Copyright (C) 1991-2013 Altera Corporation
Your use of Altera Corporation's design tools, logic functions 
and other software and tools, and its AMPP partner logic 
functions, and any output files from any of the foregoing 
(including device programming or simulation files), and any 
associated documentation or information are expressly subject 
to the terms and conditions of the Altera Program License 
Subscription Agreement, Altera MegaCore Function License 
Agreement, or other applicable license agreement, including, 
without limitation, that your use is for the sole purpose of 
programming logic devices manufactured by Altera and sold by 
Altera or its authorized distributors.  Please refer to the 
applicable agreement for further details.



+---------------------------------------------------------------------------------+
; Flow Summary                                                                    ;
+------------------------------------+--------------------------------------------+
; Flow Status                        ; Successful - Fri Apr 05 13:37:46 2024      ;
; Quartus II 64-Bit Version          ; 13.0.0 Build 156 04/24/2013 SJ Web Edition ;
; Revision Name                      ; CEG_3156_Lab3                              ;
; Top-level Entity Name              ; singleCycleProcessor                       ;
; Family                             ; Cyclone IV E                               ;
; Device                             ; EP4CE115F29C7                              ;
; Timing Models                      ; Final                                      ;
; Total logic elements               ; 403 / 114,480 ( < 1 % )                    ;
;     Total combinational functions  ; 378 / 114,480 ( < 1 % )                    ;
;     Dedicated logic registers      ; 71 / 114,480 ( < 1 % )                     ;
; Total registers                    ; 71                                         ;
; Total pins                         ; 107 / 529 ( 20 % )                         ;
; Total virtual pins                 ; 0                                          ;
; Total memory bits                  ; 10,240 / 3,981,312 ( < 1 % )               ;
; Embedded Multiplier 9-bit elements ; 0 / 532 ( 0 % )                            ;
; Total PLLs                         ; 0 / 4 ( 0 % )                              ;
+------------------------------------+--------------------------------------------+


+-----------------------------------------+
; Flow Settings                           ;
+-------------------+---------------------+
; Option            ; Setting             ;
+-------------------+---------------------+
; Start date & time ; 04/05/2024 13:36:52 ;
; Main task         ; Compilation         ;
; Revision Name     ; CEG_3156_Lab3       ;
+-------------------+---------------------+


+------------------------------------------------------------------------------------------------------------------------------------------------------------------------+
; Flow Non-Default Global Settings                                                                                                                                       ;
+--------------------------------------+---------------------------------------------------------+---------------+----------------------+--------------------------------+
; Assignment Name                      ; Value                                                   ; Default Value ; Entity Name          ; Section Id                     ;
+--------------------------------------+---------------------------------------------------------+---------------+----------------------+--------------------------------+
; COMPILER_SIGNATURE_ID                ; 121373346598.171233861105604                            ; --            ; --                   ; --                             ;
; EDA_DESIGN_INSTANCE_NAME             ; NA                                                      ; --            ; --                   ; singlecycleprocessor_testbench ;
; EDA_GENERATE_FUNCTIONAL_NETLIST      ; On                                                      ; --            ; --                   ; eda_simulation                 ;
; EDA_NATIVELINK_SIMULATION_TEST_BENCH ; singlecycleprocessor_testbench                          ; --            ; --                   ; eda_simulation                 ;
; EDA_NETLIST_WRITER_OUTPUT_DIR        ; D:/quartus/CEG_3156_Lab3/CEG_3156_Lab3/simulation/qsim/ ; --            ; --                   ; eda_simulation                 ;
; EDA_OUTPUT_DATA_FORMAT               ; Verilog Hdl                                             ; --            ; --                   ; eda_simulation                 ;
; EDA_SIMULATION_TOOL                  ; ModelSim-Altera (Verilog)                               ; <None>        ; --                   ; --                             ;
; EDA_TEST_BENCH_ENABLE_STATUS         ; TEST_BENCH_MODE                                         ; --            ; --                   ; eda_simulation                 ;
; EDA_TEST_BENCH_FILE                  ; SingleCycleProcessor_testbench.vhd                      ; --            ; --                   ; singlecycleprocessor_testbench ;
; EDA_TEST_BENCH_MODULE_NAME           ; singlecycleprocessor_testbench                          ; --            ; --                   ; singlecycleprocessor_testbench ;
; EDA_TEST_BENCH_NAME                  ; singlecycleprocessor_testbench                          ; --            ; --                   ; eda_simulation                 ;
; EDA_TIME_SCALE                       ; 1 ps                                                    ; --            ; --                   ; eda_simulation                 ;
; IP_TOOL_NAME                         ; ROM: 1-PORT                                             ; --            ; --                   ; --                             ;
; IP_TOOL_NAME                         ; RAM: 2-PORT                                             ; --            ; --                   ; --                             ;
; IP_TOOL_VERSION                      ; 13.1                                                    ; --            ; --                   ; --                             ;
; IP_TOOL_VERSION                      ; 13.1                                                    ; --            ; --                   ; --                             ;
; MAX_CORE_JUNCTION_TEMP               ; 85                                                      ; --            ; --                   ; --                             ;
; MIN_CORE_JUNCTION_TEMP               ; 0                                                       ; --            ; --                   ; --                             ;
; MISC_FILE                            ; rom_unregistered.cmp                                    ; --            ; --                   ; --                             ;
; MISC_FILE                            ; ram_unreg.cmp                                           ; --            ; --                   ; --                             ;
; NOMINAL_CORE_SUPPLY_VOLTAGE          ; 1.2V                                                    ; --            ; --                   ; --                             ;
; PARTITION_COLOR                      ; 16764057                                                ; --            ; SingleCycleProcessor ; Top                            ;
; PARTITION_FITTER_PRESERVATION_LEVEL  ; PLACEMENT_AND_ROUTING                                   ; --            ; SingleCycleProcessor ; Top                            ;
; PARTITION_NETLIST_TYPE               ; SOURCE                                                  ; --            ; SingleCycleProcessor ; Top                            ;
; POWER_BOARD_THERMAL_MODEL            ; None (CONSERVATIVE)                                     ; --            ; --                   ; --                             ;
; POWER_PRESET_COOLING_SOLUTION        ; 23 MM HEAT SINK WITH 200 LFPM AIRFLOW                   ; --            ; --                   ; --                             ;
; PROJECT_OUTPUT_DIRECTORY             ; output_files                                            ; --            ; --                   ; --                             ;
; TOP_LEVEL_ENTITY                     ; SingleCycleProcessor                                    ; CEG_3156_Lab3 ; --                   ; --                             ;
+--------------------------------------+---------------------------------------------------------+---------------+----------------------+--------------------------------+


+-------------------------------------------------------------------------------------------------------------------------------+
; Flow Elapsed Time                                                                                                             ;
+---------------------------+--------------+-------------------------+---------------------+------------------------------------+
; Module Name               ; Elapsed Time ; Average Processors Used ; Peak Virtual Memory ; Total CPU Time (on all processors) ;
+---------------------------+--------------+-------------------------+---------------------+------------------------------------+
; Analysis & Synthesis      ; 00:00:08     ; 1.0                     ; 4652 MB             ; 00:00:05                           ;
; Fitter                    ; 00:00:28     ; 1.0                     ; 5083 MB             ; 00:00:27                           ;
; Assembler                 ; 00:00:05     ; 1.0                     ; 4564 MB             ; 00:00:05                           ;
; TimeQuest Timing Analyzer ; 00:00:05     ; 1.0                     ; 4667 MB             ; 00:00:04                           ;
; EDA Netlist Writer        ; 00:00:00     ; 1.0                     ; 4513 MB             ; 00:00:01                           ;
; Total                     ; 00:00:46     ; --                      ; --                  ; 00:00:42                           ;
+---------------------------+--------------+-------------------------+---------------------+------------------------------------+


+----------------------------------------------------------------------------------------+
; Flow OS Summary                                                                        ;
+---------------------------+------------------+-----------+------------+----------------+
; Module Name               ; Machine Hostname ; OS Name   ; OS Version ; Processor type ;
+---------------------------+------------------+-----------+------------+----------------+
; Analysis & Synthesis      ; ZARVAANBACH78C4  ; Windows 7 ; 6.2        ; x86_64         ;
; Fitter                    ; ZARVAANBACH78C4  ; Windows 7 ; 6.2        ; x86_64         ;
; Assembler                 ; ZARVAANBACH78C4  ; Windows 7 ; 6.2        ; x86_64         ;
; TimeQuest Timing Analyzer ; ZARVAANBACH78C4  ; Windows 7 ; 6.2        ; x86_64         ;
; EDA Netlist Writer        ; ZARVAANBACH78C4  ; Windows 7 ; 6.2        ; x86_64         ;
+---------------------------+------------------+-----------+------------+----------------+


------------
; Flow Log ;
------------
quartus_map --read_settings_files=on --write_settings_files=off CEG_3156_Lab3 -c CEG_3156_Lab3
quartus_fit --read_settings_files=off --write_settings_files=off CEG_3156_Lab3 -c CEG_3156_Lab3
quartus_asm --read_settings_files=off --write_settings_files=off CEG_3156_Lab3 -c CEG_3156_Lab3
quartus_sta CEG_3156_Lab3 -c CEG_3156_Lab3
quartus_eda --read_settings_files=off --write_settings_files=off CEG_3156_Lab3 -c CEG_3156_Lab3



